<?xml version="1.0" encoding="UTF-8"?>
<!-- Generated by org.testng.reporters.JUnitReportReporter -->
<testsuite hostname="ULTP_107" name="LRS2_0.runTests" tests="1" failures="0" timestamp="21 Aug 2014 13:40:24 GMT" time="64.763" errors="0">
  <testcase name="WEB_1026__WEB_1038__WEB_1807" time="64.763" classname="LRS2_0.runTests"/>
</testsuite> <!-- LRS2_0.runTests -->
